<?xml version="1.0" encoding="UTF-8"?>
<testsuite name="com.example.task3_1.ExampleUnitTest" tests="1" skipped="0" failures="0" errors="0" timestamp="2024-03-28T12:41:02" hostname="MacBook-Air-Ksenya.local" time="0.001">
  <properties/>
  <testcase name="addition_isCorrect" classname="com.example.task3_1.ExampleUnitTest" time="0.001"/>
  <system-out><![CDATA[]]></system-out>
  <system-err><![CDATA[]]></system-err>
</testsuite>
